Build started 11/17/2015 1:29:20 PM.
     1>Project "C:\Users\admin\Documents\Software\leptonica-1.72\vs2008\leptonica.vcxproj" on node 2 (Build target(s)).
     1>ClCompile:
         C:\Program Files (x86)\Microsoft Visual Studio 14.0\VC\bin\CL.exe /c /I..\..\include /Z7 /nologo /W3 /WX- /Od /Oy- /D WIN32 /D _DEBUG /D _USRDLL /D _WINDLL /D LIBLEPT_EXPORTS /D L_LITTLE_ENDIAN /D XMD_H /D _WINDLL /Gm- /EHsc /RTC1 /MDd /GS /fp:precise /Zc:wchar_t /Zc:forScope /Zc:inline /Fo"DLL Debug\\" /Fd"DLL Debug\vc140.pdb" /Gd /TC /analyze- /errorReport:prompt /wd4244 /wd4305 /wd4018 /wd4267 /wd4996
          ..\src\adaptmap.c ..\src\affine.c ..\src\affinecompose.c ..\src\arithlow.c ..\src\arrayaccess.c ..\src\bardecode.c ..\src\baseline.c ..\src\bbuffer.c ..\src\bilinear.c ..\src\binarize.c ..\src\binexpand.c ..\src\binexpandlow.c ..\src\binreduce.c ..\src\binreducelow.c ..\src\blend.c ..\src\bmf.c ..\src\bmpio.c ..\src\bmpiostub.c ..\src\boxbasic.c ..\src\boxfunc1.c ..\src\boxfunc2.c ..\src\boxfunc3.c ..\src\bytearray.c ..\src\ccbord.c ..\src\ccthin.c ..\src\classapp.c ..\src\colorcontent.c ..\src\colormap.c ..\src\colormorph.c ..\src\colorquant1.c ..\src\colorquant2.c ..\src\colorseg.c ..\src\colorspace.c ..\src\compare.c ..\src\conncomp.c ..\src\convertfiles.c ..\src\convolve.c ..\src\convolvelow.c ..\src\correlscore.c ..\src\dewarp.c ..\src\dwacomb.2.c ..\src\dwacomblow.2.c ..\src\edge.c ..\src\enhance.c ..\src\fhmtauto.c ..\src\fhmtgen.1.c ..\src\fhmtgenlow.1.c ..\src\finditalic.c ..\src\flipdetect.c ..\src\fliphmtgen.c ..\src\fmorphauto.c ..\src\fmorphgen.1.c ..\src\fmorphgenlow.1.c ..\src\fpix1.c ..\src\fpix2.c ..\src\gifio.c ..\src\gifiostub.c ..\src\gplot.c ..\src\graphics.c ..\src\graymorph.c ..\src\graymorphlow.c ..\src\grayquant.c ..\src\grayquantlow.c ..\src\heap.c ..\src\jbclass.c ..\src\jpegio.c ..\src\jpegiostub.c ..\src\kernel.c ..\src\leptwin.c ..\src\libversions.c ..\src\list.c ..\src\maze.c ..\src\morph.c ..\src\morphapp.c ..\src\morphdwa.c ..\src\morphseq.c ..\src\numabasic.c ..\src\numafunc1.c ..\src\numafunc2.c ..\src\pageseg.c ..\src\paintcmap.c ..\src\parseprotos.c ..\src\partition.c ..\src\pdfio.c ..\src\pdfiostub.c ..\src\pix1.c ..\src\pix2.c ..\src\pix3.c ..\src\pix4.c ..\src\pix5.c ..\src\pixabasic.c ..\src\pixacc.c ..\src\pixafunc1.c ..\src\pixafunc2.c ..\src\pixalloc.c ..\src\pixarith.c ..\src\pixcomp.c ..\src\pixconv.c ..\src\pixtiling.c ..\src\pngio.c ..\src\pngiostub.c ..\src\pnmio.c ..\src\pnmiostub.c ..\src\projective.c ..\src\psio1.c ..\src\psio1stub.c ..\src\psio2.c ..\src\psio2stub.c ..\src\ptabasic.c ..\src\ptafunc1.c ..\src\ptra.c ..\src\quadtree.c ..\src\queue.c ..\src\rank.c ..\src\readbarcode.c ..\src\readfile.c ..\src\regutils.c ..\src\rop.c ..\src\ropiplow.c ..\src\roplow.c ..\src\rotate.c ..\src\rotateam.c ..\src\rotateamlow.c ..\src\rotateorth.c ..\src\rotateorthlow.c ..\src\rotateshear.c ..\src\runlength.c ..\src\sarray.c ..\src\scale.c ..\src\scalelow.c ..\src\seedfill.c ..\src\seedfilllow.c ..\src\sel1.c ..\src\sel2.c ..\src\selgen.c ..\src\shear.c ..\src\skew.c ..\src\spixio.c ..\src\stack.c ..\src\sudoku.c ..\src\textops.c ..\src\tiffio.c ..\src\tiffiostub.c ..\src\utils.c ..\src\viewfiles.c ..\src\warper.c ..\src\watershed.c ..\src\webpio.c ..\src\webpiostub.c ..\src\writefile.c ..\src\zlibmem.c ..\src\zlibmemstub.c
         adaptmap.c
         affine.c
         affinecompose.c
         arithlow.c
     1>c1 : fatal error C1083: Cannot open source file: '..\src\arithlow.c': No such file or directory
         arrayaccess.c
         bardecode.c
         baseline.c
         bbuffer.c
         bilinear.c
         binarize.c
         binexpand.c
         binexpandlow.c
     1>c1 : fatal error C1083: Cannot open source file: '..\src\binexpandlow.c': No such file or directory
         binreduce.c
         binreducelow.c
     1>c1 : fatal error C1083: Cannot open source file: '..\src\binreducelow.c': No such file or directory
         blend.c
         bmf.c
         bmpio.c
         bmpiostub.c
         boxbasic.c
         boxfunc1.c
         Generating Code...
         Compiling...
         boxfunc2.c
         boxfunc3.c
         bytearray.c
         ccbord.c
         ccthin.c
         classapp.c
     1>..\src\classapp.c(101): error C2057: expected constant expression
     1>..\src\classapp.c(101): error C2466: cannot allocate an array of constant size 0
     1>..\src\classapp.c(101): error C2133: 'filename': unknown size
     1>..\src\classapp.c(181): error C2057: expected constant expression
     1>..\src\classapp.c(181): error C2466: cannot allocate an array of constant size 0
     1>..\src\classapp.c(181): error C2133: 'filename': unknown size
         colorcontent.c
         colormap.c
         colormorph.c
         colorquant1.c
         colorquant2.c
         colorseg.c
         colorspace.c
         compare.c
         conncomp.c
         convertfiles.c
         convolve.c
         convolvelow.c
     1>c1 : fatal error C1083: Cannot open source file: '..\src\convolvelow.c': No such file or directory
         correlscore.c
         dewarp.c
     1>c1 : fatal error C1083: Cannot open source file: '..\src\dewarp.c': No such file or directory
         Generating Code...
         Compiling...
         dwacomb.2.c
         dwacomblow.2.c
         edge.c
         enhance.c
         fhmtauto.c
     1>..\src\fhmtauto.c(252): error C2057: expected constant expression
     1>..\src\fhmtauto.c(252): error C2466: cannot allocate an array of constant size 0
     1>..\src\fhmtauto.c(252): error C2133: 'bigbuf': unknown size
     1>..\src\fhmtauto.c(430): error C2057: expected constant expression
     1>..\src\fhmtauto.c(430): error C2466: cannot allocate an array of constant size 0
     1>..\src\fhmtauto.c(430): error C2133: 'bigbuf': unknown size
     1>..\src\fhmtauto.c(680): error C2057: expected constant expression
     1>..\src\fhmtauto.c(680): error C2466: cannot allocate an array of constant size 0
     1>..\src\fhmtauto.c(680): error C2133: 'bigbuf': unknown size
     1>..\src\fhmtauto.c(733): error C2057: expected constant expression
     1>..\src\fhmtauto.c(733): error C2466: cannot allocate an array of constant size 0
     1>..\src\fhmtauto.c(733): error C2133: 'bigbuf': unknown size
         fhmtgen.1.c
         fhmtgenlow.1.c
         finditalic.c
         flipdetect.c
         fliphmtgen.c
         fmorphauto.c
     1>..\src\fmorphauto.c(287): error C2057: expected constant expression
     1>..\src\fmorphauto.c(287): error C2466: cannot allocate an array of constant size 0
     1>..\src\fmorphauto.c(287): error C2133: 'bigbuf': unknown size
     1>..\src\fmorphauto.c(492): error C2057: expected constant expression
     1>..\src\fmorphauto.c(492): error C2466: cannot allocate an array of constant size 0
     1>..\src\fmorphauto.c(492): error C2133: 'bigbuf': unknown size
     1>..\src\fmorphauto.c(751): error C2057: expected constant expression
     1>..\src\fmorphauto.c(751): error C2466: cannot allocate an array of constant size 0
     1>..\src\fmorphauto.c(751): error C2133: 'bigbuf': unknown size
     1>..\src\fmorphauto.c(825): error C2057: expected constant expression
     1>..\src\fmorphauto.c(825): error C2466: cannot allocate an array of constant size 0
     1>..\src\fmorphauto.c(825): error C2133: 'bigbuf': unknown size
         fmorphgen.1.c
         fmorphgenlow.1.c
         fpix1.c
         fpix2.c
         gifio.c
         gifiostub.c
         gplot.c
     1>..\src\gplot.c(148): error C2057: expected constant expression
     1>..\src\gplot.c(148): error C2466: cannot allocate an array of constant size 0
     1>..\src\gplot.c(148): error C2133: 'buf': unknown size
     1>..\src\gplot.c(269): error C2057: expected constant expression
     1>..\src\gplot.c(269): error C2466: cannot allocate an array of constant size 0
     1>..\src\gplot.c(269): error C2133: 'buf': unknown size
     1>..\src\gplot.c(375): error C2057: expected constant expression
     1>..\src\gplot.c(375): error C2466: cannot allocate an array of constant size 0
     1>..\src\gplot.c(375): error C2133: 'buf': unknown size
     1>..\src\gplot.c(413): error C2057: expected constant expression
     1>..\src\gplot.c(413): error C2466: cannot allocate an array of constant size 0
     1>..\src\gplot.c(413): error C2133: 'buf': unknown size
     1>..\src\gplot.c(791): error C2057: expected constant expression
     1>..\src\gplot.c(791): error C2466: cannot allocate an array of constant size 0
     1>..\src\gplot.c(791): error C2133: 'buf': unknown size
         graphics.c
         graymorph.c
         Generating Code...
         Compiling...
         graymorphlow.c
     1>c1 : fatal error C1083: Cannot open source file: '..\src\graymorphlow.c': No such file or directory
         grayquant.c
         grayquantlow.c
         heap.c
         jbclass.c
     1>..\src\jbclass.c(1424): error C2057: expected constant expression
     1>..\src\jbclass.c(1424): error C2466: cannot allocate an array of constant size 0
     1>..\src\jbclass.c(1424): error C2133: 'ncc': unknown size
     1>..\src\jbclass.c(1888): error C2057: expected constant expression
     1>..\src\jbclass.c(1888): error C2466: cannot allocate an array of constant size 0
     1>..\src\jbclass.c(1888): error C2133: 'buf': unknown size
     1>..\src\jbclass.c(1947): error C2057: expected constant expression
     1>..\src\jbclass.c(1947): error C2466: cannot allocate an array of constant size 0
     1>..\src\jbclass.c(1947): error C2133: 'fname': unknown size
         jpegio.c
     1>..\src\jpegio.c(146): fatal error C1083: Cannot open include file: 'jpeglib.h': No such file or directory
         jpegiostub.c
         kernel.c
         leptwin.c
         libversions.c
     1>..\src\libversions.c(51): fatal error C1083: Cannot open include file: 'jpeglib.h': No such file or directory
         list.c
         maze.c
         morph.c
         morphapp.c
         morphdwa.c
         morphseq.c
         numabasic.c
         numafunc1.c
         numafunc2.c
         pageseg.c
         Generating Code...
         Compiling...
         paintcmap.c
         parseprotos.c
     1>..\src\parseprotos.c(551): error C2057: expected constant expression
     1>..\src\parseprotos.c(551): error C2466: cannot allocate an array of constant size 0
     1>..\src\parseprotos.c(551): error C2133: 'buf': unknown size
         partition.c
         pdfio.c
     1>c1 : fatal error C1083: Cannot open source file: '..\src\pdfio.c': No such file or directory
         pdfiostub.c
     1>c1 : fatal error C1083: Cannot open source file: '..\src\pdfiostub.c': No such file or directory
         pix1.c
         pix2.c
         pix3.c
         pix4.c
         pix5.c
         pixabasic.c
         pixacc.c
         pixafunc1.c
         pixafunc2.c
         pixalloc.c
         pixarith.c
         pixcomp.c
         pixconv.c
         pixtiling.c
         pngio.c
     1>..\src\pngio.c(114): fatal error C1083: Cannot open include file: 'png.h': No such file or directory
         Generating Code...
         Compiling...
         pngiostub.c
         pnmio.c
     1>..\src\pnmio.c(286): warning C4101: 'buf': unreferenced local variable
     1>..\src\pnmio.c(285): warning C4101: 'whitespace': unreferenced local variable
     1>..\src\pnmio.c(797): warning C4101: 'ignore': unreferenced local variable
         pnmiostub.c
         projective.c
         psio1.c
         psio1stub.c
         psio2.c
     1>..\src\psio2.c(406): error C2057: expected constant expression
     1>..\src\psio2.c(406): error C2466: cannot allocate an array of constant size 0
     1>..\src\psio2.c(406): error C2133: 'bigbuf': unknown size
     1>..\src\psio2.c(894): error C2057: expected constant expression
     1>..\src\psio2.c(894): error C2466: cannot allocate an array of constant size 0
     1>..\src\psio2.c(894): error C2133: 'bigbuf': unknown size
     1>..\src\psio2.c(1279): error C2057: expected constant expression
     1>..\src\psio2.c(1279): error C2466: cannot allocate an array of constant size 0
     1>..\src\psio2.c(1279): error C2133: 'bigbuf': unknown size
     1>..\src\psio2.c(1753): error C2057: expected constant expression
     1>..\src\psio2.c(1753): error C2466: cannot allocate an array of constant size 0
     1>..\src\psio2.c(1753): error C2133: 'bigbuf': unknown size
         psio2stub.c
         ptabasic.c
         ptafunc1.c
         ptra.c
         quadtree.c
         queue.c
         rank.c
         readbarcode.c
         readfile.c
         regutils.c
         rop.c
         ropiplow.c
         roplow.c
         Generating Code...
         Compiling...
         rotate.c
         rotateam.c
         rotateamlow.c
         rotateorth.c
         rotateorthlow.c
     1>c1 : fatal error C1083: Cannot open source file: '..\src\rotateorthlow.c': No such file or directory
         rotateshear.c
         runlength.c
         sarray.c
         scale.c
         scalelow.c
         seedfill.c
         seedfilllow.c
         sel1.c
     1>..\src\sel1.c(945): error C2057: expected constant expression
     1>..\src\sel1.c(945): error C2466: cannot allocate an array of constant size 0
     1>..\src\sel1.c(945): error C2133: 'combname': unknown size
     1>..\src\sel1.c(1364): error C2057: expected constant expression
     1>..\src\sel1.c(1364): error C2466: cannot allocate an array of constant size 0
     1>..\src\sel1.c(1364): error C2133: 'linebuf': unknown size
         sel2.c
     1>..\src\sel2.c(77): error C2057: expected constant expression
     1>..\src\sel2.c(77): error C2466: cannot allocate an array of constant size 0
     1>..\src\sel2.c(77): error C2133: 'name': unknown size
     1>..\src\sel2.c(298): error C2057: expected constant expression
     1>..\src\sel2.c(298): error C2466: cannot allocate an array of constant size 0
     1>..\src\sel2.c(298): error C2133: 'name': unknown size
     1>..\src\sel2.c(338): error C2057: expected constant expression
     1>..\src\sel2.c(338): error C2466: cannot allocate an array of constant size 0
     1>..\src\sel2.c(338): error C2133: 'name': unknown size
     1>..\src\sel2.c(399): error C2057: expected constant expression
     1>..\src\sel2.c(399): error C2466: cannot allocate an array of constant size 0
     1>..\src\sel2.c(399): error C2133: 'name': unknown size
     1>..\src\sel2.c(521): error C2057: expected constant expression
     1>..\src\sel2.c(521): error C2466: cannot allocate an array of constant size 0
     1>..\src\sel2.c(521): error C2133: 'name': unknown size
         selgen.c
         shear.c
         skew.c
         spixio.c
         stack.c
         sudoku.c
         Generating Code...
         Compiling...
         textops.c
         tiffio.c
     1>..\src\tiffio.c(96): fatal error C1083: Cannot open include file: 'tiff.h': No such file or directory
         tiffiostub.c
         utils.c
         viewfiles.c
     1>..\src\viewfiles.c(87): error C2057: expected constant expression
     1>..\src\viewfiles.c(87): error C2466: cannot allocate an array of constant size 0
     1>..\src\viewfiles.c(87): error C2133: 'charbuf': unknown size
         warper.c
         watershed.c
         webpio.c
         webpiostub.c
         writefile.c
     1>..\src\writefile.c(177): error C2057: expected constant expression
     1>..\src\writefile.c(177): error C2466: cannot allocate an array of constant size 0
     1>..\src\writefile.c(177): error C2133: 'bigbuf': unknown size
     1>..\src\writefile.c(823): error C2057: expected constant expression
     1>..\src\writefile.c(823): error C2466: cannot allocate an array of constant size 0
     1>..\src\writefile.c(823): error C2133: 'buffer': unknown size
     1>..\src\writefile.c(985): error C2057: expected constant expression
     1>..\src\writefile.c(985): error C2466: cannot allocate an array of constant size 0
     1>..\src\writefile.c(985): error C2133: 'buffer': unknown size
     1>..\src\writefile.c(1076): error C2057: expected constant expression
     1>..\src\writefile.c(1076): error C2466: cannot allocate an array of constant size 0
     1>..\src\writefile.c(1076): error C2133: 'buf': unknown size
         zlibmem.c
     1>..\src\zlibmem.c(58): fatal error C1083: Cannot open include file: 'zlib.h': No such file or directory
         zlibmemstub.c
         Generating Code...
     1>Done Building Project "C:\Users\admin\Documents\Software\leptonica-1.72\vs2008\leptonica.vcxproj" (Build target(s)) -- FAILED.

Build FAILED.

Time Elapsed 00:01:28.49
